start args parsing
args: lr: 0.001, wd: 0.0001,nn: 512, features: 128, num_layer: 2
Random seeds: [0]
x_train_batches.shape = (1, 57, 64, 2)
y_train_batches.shape = (1, 57, 64)
x_test_batches.shape  = (1, 7, 64, 2)
y_test_batches.shape  = (1, 7, 64)
Number of train batches per model: 57
Number of test  batches per model: 7
Train dataset size per model: 0.03 MB
made dataset
model made
Epoch 1/500

--- Test Evaluation at Epoch 1 ---
Seed 0: Train Loss: 4.508679, Train Accuracy: 0.55%
Seed 0: Test CE 4.236476, Total 4.496551, Acc 0.67%, Margin[min/avg] -0.7259/-0.3341, DE[test/train/total] 4.612e+01/4.592e+01
Epoch 2/500

--- Test Evaluation at Epoch 2 ---
Seed 0: Train Loss: 4.369704, Train Accuracy: 4.61%
Seed 0: Test CE 4.334886, Total 4.588954, Acc 0.22%, Margin[min/avg] -0.9556/-0.5080, DE[test/train/total] 7.244e+01/7.173e+01
Epoch 3/500

--- Test Evaluation at Epoch 3 ---
Seed 0: Train Loss: 4.302693, Train Accuracy: 6.63%
Seed 0: Test CE 4.420211, Total 4.673053, Acc 0.00%, Margin[min/avg] -1.2306/-0.6544, DE[test/train/total] 8.017e+01/7.918e+01
Epoch 4/500

--- Test Evaluation at Epoch 4 ---
Seed 0: Train Loss: 4.209740, Train Accuracy: 12.94%
Seed 0: Test CE 4.548157, Total 4.804609, Acc 0.22%, Margin[min/avg] -1.7546/-0.8872, DE[test/train/total] 1.096e+02/1.080e+02
Epoch 5/500

--- Test Evaluation at Epoch 5 ---
Seed 0: Train Loss: 4.087927, Train Accuracy: 19.38%
Seed 0: Test CE 4.733324, Total 4.999013, Acc 0.00%, Margin[min/avg] -2.2924/-1.1947, DE[test/train/total] 1.599e+02/1.578e+02
Epoch 6/500

--- Test Evaluation at Epoch 6 ---
Seed 0: Train Loss: 3.919900, Train Accuracy: 25.36%
Seed 0: Test CE 4.983950, Total 5.264968, Acc 0.00%, Margin[min/avg] -3.3135/-1.6422, DE[test/train/total] 2.422e+02/2.389e+02
Epoch 7/500

--- Test Evaluation at Epoch 7 ---
Seed 0: Train Loss: 3.665478, Train Accuracy: 38.40%
Seed 0: Test CE 5.289122, Total 5.592844, Acc 0.00%, Margin[min/avg] -4.3872/-2.1716, DE[test/train/total] 3.851e+02/3.801e+02
Epoch 8/500

--- Test Evaluation at Epoch 8 ---
Seed 0: Train Loss: 3.268864, Train Accuracy: 52.30%
Seed 0: Test CE 5.648949, Total 5.983407, Acc 0.00%, Margin[min/avg] -5.3912/-2.8595, DE[test/train/total] 6.607e+02/6.514e+02
Epoch 9/500

--- Test Evaluation at Epoch 9 ---
Seed 0: Train Loss: 2.678587, Train Accuracy: 69.96%
Seed 0: Test CE 5.962530, Total 6.335183, Acc 0.00%, Margin[min/avg] -6.6098/-3.4870, DE[test/train/total] 1.126e+03/1.111e+03
Epoch 10/500

--- Test Evaluation at Epoch 10 ---
Seed 0: Train Loss: 1.834152, Train Accuracy: 88.95%
Seed 0: Test CE 6.109670, Total 6.523473, Acc 0.00%, Margin[min/avg] -8.0596/-4.0450, DE[test/train/total] 1.916e+03/1.894e+03
Epoch 11/500

--- Test Evaluation at Epoch 11 ---
Seed 0: Train Loss: 1.041315, Train Accuracy: 98.38%
Seed 0: Test CE 6.161234, Total 6.606253, Acc 0.00%, Margin[min/avg] -9.4299/-4.4577, DE[test/train/total] 2.831e+03/2.810e+03
Epoch 12/500

--- Test Evaluation at Epoch 12 ---
Seed 0: Train Loss: 0.681046, Train Accuracy: 100.00%
Seed 0: Test CE 6.194006, Total 6.655363, Acc 0.22%, Margin[min/avg] -9.9696/-4.6162, DE[test/train/total] 3.518e+03/3.504e+03
Epoch 13/500

--- Test Evaluation at Epoch 13 ---
Seed 0: Train Loss: 0.567199, Train Accuracy: 100.00%
Seed 0: Test CE 6.213211, Total 6.681229, Acc 0.22%, Margin[min/avg] -10.6318/-4.7073, DE[test/train/total] 3.879e+03/3.868e+03
Epoch 14/500

--- Test Evaluation at Epoch 14 ---
Seed 0: Train Loss: 0.535568, Train Accuracy: 100.00%
Seed 0: Test CE 6.170589, Total 6.641182, Acc 0.22%, Margin[min/avg] -10.1312/-4.7091, DE[test/train/total] 4.106e+03/4.104e+03
Epoch 15/500

--- Test Evaluation at Epoch 15 ---
Seed 0: Train Loss: 0.522159, Train Accuracy: 100.00%
Seed 0: Test CE 6.158679, Total 6.629899, Acc 0.22%, Margin[min/avg] -10.8536/-4.7376, DE[test/train/total] 4.250e+03/4.248e+03
Epoch 16/500

--- Test Evaluation at Epoch 16 ---
Seed 0: Train Loss: 0.513282, Train Accuracy: 100.00%
Seed 0: Test CE 6.087702, Total 6.558312, Acc 0.22%, Margin[min/avg] -10.2084/-4.6752, DE[test/train/total] 4.353e+03/4.354e+03
Epoch 17/500

--- Test Evaluation at Epoch 17 ---
Seed 0: Train Loss: 0.507068, Train Accuracy: 100.00%
Seed 0: Test CE 6.023788, Total 6.492918, Acc 0.22%, Margin[min/avg] -10.0346/-4.6275, DE[test/train/total] 4.427e+03/4.426e+03
Epoch 18/500

--- Test Evaluation at Epoch 18 ---
Seed 0: Train Loss: 0.501463, Train Accuracy: 100.00%
Seed 0: Test CE 5.942529, Total 6.409563, Acc 0.22%, Margin[min/avg] -10.4254/-4.5650, DE[test/train/total] 4.474e+03/4.474e+03
Epoch 19/500

--- Test Evaluation at Epoch 19 ---
Seed 0: Train Loss: 0.496337, Train Accuracy: 100.00%
Seed 0: Test CE 5.857649, Total 6.322054, Acc 0.22%, Margin[min/avg] -10.2390/-4.4887, DE[test/train/total] 4.510e+03/4.510e+03
Epoch 20/500

--- Test Evaluation at Epoch 20 ---
Seed 0: Train Loss: 0.491593, Train Accuracy: 100.00%
Seed 0: Test CE 5.786557, Total 6.247962, Acc 0.45%, Margin[min/avg] -10.6854/-4.4262, DE[test/train/total] 4.530e+03/4.528e+03
Epoch 21/500

--- Test Evaluation at Epoch 21 ---
Seed 0: Train Loss: 0.486906, Train Accuracy: 100.00%
Seed 0: Test CE 5.693873, Total 6.151884, Acc 0.45%, Margin[min/avg] -10.1408/-4.3304, DE[test/train/total] 4.544e+03/4.541e+03
Epoch 22/500

--- Test Evaluation at Epoch 22 ---
Seed 0: Train Loss: 0.482189, Train Accuracy: 100.00%
Seed 0: Test CE 5.603489, Total 6.057880, Acc 0.45%, Margin[min/avg] -10.2227/-4.2522, DE[test/train/total] 4.546e+03/4.546e+03
Epoch 23/500

--- Test Evaluation at Epoch 23 ---
Seed 0: Train Loss: 0.477533, Train Accuracy: 100.00%
Seed 0: Test CE 5.507883, Total 5.958403, Acc 0.67%, Margin[min/avg] -10.0218/-4.1557, DE[test/train/total] 4.539e+03/4.544e+03
Epoch 24/500

--- Test Evaluation at Epoch 24 ---
Seed 0: Train Loss: 0.473154, Train Accuracy: 100.00%
Seed 0: Test CE 5.395980, Total 5.842484, Acc 0.67%, Margin[min/avg] -9.8725/-4.0519, DE[test/train/total] 4.532e+03/4.539e+03
Epoch 25/500

--- Test Evaluation at Epoch 25 ---
Seed 0: Train Loss: 0.468394, Train Accuracy: 100.00%
Seed 0: Test CE 5.298484, Total 5.740791, Acc 0.67%, Margin[min/avg] -9.6702/-3.9459, DE[test/train/total] 4.536e+03/4.541e+03
Epoch 26/500

--- Test Evaluation at Epoch 26 ---
Seed 0: Train Loss: 0.463633, Train Accuracy: 100.00%
Seed 0: Test CE 5.169359, Total 5.607333, Acc 0.89%, Margin[min/avg] -9.3300/-3.8211, DE[test/train/total] 4.527e+03/4.530e+03
Epoch 27/500

--- Test Evaluation at Epoch 27 ---
Seed 0: Train Loss: 0.458746, Train Accuracy: 100.00%
Seed 0: Test CE 5.060034, Total 5.493510, Acc 1.34%, Margin[min/avg] -8.9207/-3.7217, DE[test/train/total] 4.522e+03/4.524e+03
Epoch 28/500

--- Test Evaluation at Epoch 28 ---
Seed 0: Train Loss: 0.453932, Train Accuracy: 100.00%
Seed 0: Test CE 4.946232, Total 5.375149, Acc 1.56%, Margin[min/avg] -8.9890/-3.6103, DE[test/train/total] 4.504e+03/4.511e+03
Epoch 29/500

--- Test Evaluation at Epoch 29 ---
Seed 0: Train Loss: 0.448995, Train Accuracy: 100.00%
Seed 0: Test CE 4.825325, Total 5.249561, Acc 1.79%, Margin[min/avg] -9.1713/-3.4857, DE[test/train/total] 4.507e+03/4.505e+03
Epoch 30/500

--- Test Evaluation at Epoch 30 ---
Seed 0: Train Loss: 0.443953, Train Accuracy: 100.00%
Seed 0: Test CE 4.714223, Total 5.133712, Acc 1.79%, Margin[min/avg] -9.3060/-3.3820, DE[test/train/total] 4.490e+03/4.488e+03
Epoch 31/500

--- Test Evaluation at Epoch 31 ---
Seed 0: Train Loss: 0.438939, Train Accuracy: 100.00%
Seed 0: Test CE 4.592133, Total 5.006797, Acc 2.23%, Margin[min/avg] -8.6242/-3.2633, DE[test/train/total] 4.483e+03/4.487e+03
Epoch 32/500

--- Test Evaluation at Epoch 32 ---
Seed 0: Train Loss: 0.433883, Train Accuracy: 100.00%
Seed 0: Test CE 4.461010, Total 4.870782, Acc 2.68%, Margin[min/avg] -8.3794/-3.1299, DE[test/train/total] 4.480e+03/4.480e+03
Epoch 33/500

--- Test Evaluation at Epoch 33 ---
Seed 0: Train Loss: 0.428696, Train Accuracy: 100.00%
Seed 0: Test CE 4.328756, Total 4.733593, Acc 2.23%, Margin[min/avg] -8.0765/-2.9959, DE[test/train/total] 4.478e+03/4.479e+03
Epoch 34/500

--- Test Evaluation at Epoch 34 ---
Seed 0: Train Loss: 0.423625, Train Accuracy: 100.00%
Seed 0: Test CE 4.191740, Total 4.591608, Acc 3.12%, Margin[min/avg] -7.7542/-2.8581, DE[test/train/total] 4.477e+03/4.480e+03
Epoch 35/500

--- Test Evaluation at Epoch 35 ---
Seed 0: Train Loss: 0.418483, Train Accuracy: 100.00%
Seed 0: Test CE 4.047446, Total 4.442323, Acc 4.02%, Margin[min/avg] -7.4565/-2.7067, DE[test/train/total] 4.480e+03/4.488e+03
Epoch 36/500

--- Test Evaluation at Epoch 36 ---
Seed 0: Train Loss: 0.413167, Train Accuracy: 100.00%
Seed 0: Test CE 3.923759, Total 4.313566, Acc 4.69%, Margin[min/avg] -7.3405/-2.5896, DE[test/train/total] 4.488e+03/4.494e+03
Epoch 37/500

--- Test Evaluation at Epoch 37 ---
Seed 0: Train Loss: 0.407994, Train Accuracy: 100.00%
Seed 0: Test CE 3.778911, Total 4.163682, Acc 6.03%, Margin[min/avg] -7.1920/-2.4434, DE[test/train/total] 4.493e+03/4.504e+03
Epoch 38/500

--- Test Evaluation at Epoch 38 ---
Seed 0: Train Loss: 0.402518, Train Accuracy: 100.00%
Seed 0: Test CE 3.637415, Total 4.017054, Acc 6.47%, Margin[min/avg] -7.0044/-2.2933, DE[test/train/total] 4.517e+03/4.518e+03
Epoch 39/500

--- Test Evaluation at Epoch 39 ---
Seed 0: Train Loss: 0.397260, Train Accuracy: 100.00%
Seed 0: Test CE 3.490452, Total 3.864952, Acc 8.71%, Margin[min/avg] -6.4853/-2.1474, DE[test/train/total] 4.530e+03/4.532e+03
Epoch 40/500

--- Test Evaluation at Epoch 40 ---
Seed 0: Train Loss: 0.391881, Train Accuracy: 100.00%
Seed 0: Test CE 3.339490, Total 3.708785, Acc 10.04%, Margin[min/avg] -6.7845/-1.9960, DE[test/train/total] 4.551e+03/4.558e+03
Epoch 41/500

--- Test Evaluation at Epoch 41 ---
Seed 0: Train Loss: 0.386401, Train Accuracy: 100.00%
Seed 0: Test CE 3.187949, Total 3.552052, Acc 13.17%, Margin[min/avg] -6.5584/-1.8282, DE[test/train/total] 4.574e+03/4.576e+03
Epoch 42/500

--- Test Evaluation at Epoch 42 ---
Seed 0: Train Loss: 0.381291, Train Accuracy: 100.00%
Seed 0: Test CE 3.033841, Total 3.392809, Acc 13.17%, Margin[min/avg] -6.1173/-1.6705, DE[test/train/total] 4.609e+03/4.614e+03
Epoch 43/500

--- Test Evaluation at Epoch 43 ---
Seed 0: Train Loss: 0.375685, Train Accuracy: 100.00%
Seed 0: Test CE 2.884661, Total 3.238451, Acc 17.19%, Margin[min/avg] -5.9557/-1.5144, DE[test/train/total] 4.634e+03/4.643e+03
Epoch 44/500

--- Test Evaluation at Epoch 44 ---
Seed 0: Train Loss: 0.369896, Train Accuracy: 100.00%
Seed 0: Test CE 2.731043, Total 3.079502, Acc 19.87%, Margin[min/avg] -5.6080/-1.3525, DE[test/train/total] 4.688e+03/4.687e+03
Epoch 45/500

--- Test Evaluation at Epoch 45 ---
Seed 0: Train Loss: 0.364383, Train Accuracy: 100.00%
Seed 0: Test CE 2.566464, Total 2.909580, Acc 23.21%, Margin[min/avg] -5.4251/-1.1697, DE[test/train/total] 4.729e+03/4.728e+03
Epoch 46/500

--- Test Evaluation at Epoch 46 ---
Seed 0: Train Loss: 0.358885, Train Accuracy: 100.00%
Seed 0: Test CE 2.406621, Total 2.744434, Acc 26.79%, Margin[min/avg] -5.4262/-0.9789, DE[test/train/total] 4.776e+03/4.776e+03
Epoch 47/500

--- Test Evaluation at Epoch 47 ---
Seed 0: Train Loss: 0.353048, Train Accuracy: 100.00%
Seed 0: Test CE 2.230008, Total 2.562409, Acc 29.91%, Margin[min/avg] -4.8674/-0.7787, DE[test/train/total] 4.833e+03/4.837e+03
Epoch 48/500

--- Test Evaluation at Epoch 48 ---
Seed 0: Train Loss: 0.347384, Train Accuracy: 100.00%
Seed 0: Test CE 2.091037, Total 2.418034, Acc 32.59%, Margin[min/avg] -5.0555/-0.6214, DE[test/train/total] 4.912e+03/4.904e+03
Epoch 49/500

--- Test Evaluation at Epoch 49 ---
Seed 0: Train Loss: 0.341571, Train Accuracy: 100.00%
Seed 0: Test CE 1.911977, Total 2.233503, Acc 38.39%, Margin[min/avg] -4.6302/-0.3905, DE[test/train/total] 4.958e+03/4.959e+03
Epoch 50/500

--- Test Evaluation at Epoch 50 ---
Seed 0: Train Loss: 0.335646, Train Accuracy: 100.00%
Seed 0: Test CE 1.761677, Total 2.077657, Acc 45.54%, Margin[min/avg] -4.3420/-0.2094, DE[test/train/total] 5.065e+03/5.056e+03
Epoch 51/500

--- Test Evaluation at Epoch 51 ---
Seed 0: Train Loss: 0.329731, Train Accuracy: 100.00%
Seed 0: Test CE 1.594017, Total 1.904430, Acc 50.45%, Margin[min/avg] -4.0611/0.0116, DE[test/train/total] 5.128e+03/5.130e+03
Epoch 52/500

--- Test Evaluation at Epoch 52 ---
Seed 0: Train Loss: 0.323639, Train Accuracy: 100.00%
Seed 0: Test CE 1.441671, Total 1.746400, Acc 56.03%, Margin[min/avg] -4.0321/0.2088, DE[test/train/total] 5.230e+03/5.227e+03
Epoch 53/500

--- Test Evaluation at Epoch 53 ---
Seed 0: Train Loss: 0.317557, Train Accuracy: 100.00%
Seed 0: Test CE 1.285568, Total 1.584566, Acc 66.07%, Margin[min/avg] -3.6989/0.4424, DE[test/train/total] 5.339e+03/5.321e+03
Epoch 54/500

--- Test Evaluation at Epoch 54 ---
Seed 0: Train Loss: 0.311214, Train Accuracy: 100.00%
Seed 0: Test CE 1.129647, Total 1.422826, Acc 71.21%, Margin[min/avg] -3.5433/0.7000, DE[test/train/total] 5.468e+03/5.464e+03
Epoch 55/500

--- Test Evaluation at Epoch 55 ---
Seed 0: Train Loss: 0.304818, Train Accuracy: 100.00%
Seed 0: Test CE 0.975296, Total 1.262499, Acc 78.79%, Margin[min/avg] -2.8440/0.9607, DE[test/train/total] 5.566e+03/5.577e+03
Epoch 56/500

--- Test Evaluation at Epoch 56 ---
Seed 0: Train Loss: 0.298494, Train Accuracy: 100.00%
Seed 0: Test CE 0.840535, Total 1.121787, Acc 82.37%, Margin[min/avg] -2.9460/1.1914, DE[test/train/total] 5.716e+03/5.717e+03
Epoch 57/500

--- Test Evaluation at Epoch 57 ---
Seed 0: Train Loss: 0.291946, Train Accuracy: 100.00%
Seed 0: Test CE 0.714424, Total 0.989596, Acc 87.72%, Margin[min/avg] -2.6817/1.4469, DE[test/train/total] 5.853e+03/5.853e+03
Epoch 58/500

--- Test Evaluation at Epoch 58 ---
Seed 0: Train Loss: 0.285458, Train Accuracy: 100.00%
Seed 0: Test CE 0.596715, Total 0.865791, Acc 91.96%, Margin[min/avg] -1.9077/1.7359, DE[test/train/total] 6.001e+03/6.002e+03
Epoch 59/500

--- Test Evaluation at Epoch 59 ---
Seed 0: Train Loss: 0.278864, Train Accuracy: 100.00%
Seed 0: Test CE 0.506035, Total 0.768959, Acc 95.54%, Margin[min/avg] -1.6738/1.9600, DE[test/train/total] 6.157e+03/6.174e+03
Epoch 60/500

--- Test Evaluation at Epoch 60 ---
Seed 0: Train Loss: 0.272332, Train Accuracy: 100.00%
Seed 0: Test CE 0.409860, Total 0.666571, Acc 97.32%, Margin[min/avg] -1.1074/2.2489, DE[test/train/total] 6.352e+03/6.365e+03
Epoch 61/500

--- Test Evaluation at Epoch 61 ---
Seed 0: Train Loss: 0.265773, Train Accuracy: 100.00%
Seed 0: Test CE 0.341875, Total 0.592413, Acc 98.66%, Margin[min/avg] -0.7948/2.4737, DE[test/train/total] 6.553e+03/6.565e+03
Epoch 62/500

--- Test Evaluation at Epoch 62 ---
Seed 0: Train Loss: 0.259142, Train Accuracy: 100.00%
Seed 0: Test CE 0.273754, Total 0.518114, Acc 99.33%, Margin[min/avg] -0.3185/2.7531, DE[test/train/total] 6.739e+03/6.775e+03
Epoch 63/500

--- Test Evaluation at Epoch 63 ---
Seed 0: Train Loss: 0.252534, Train Accuracy: 100.00%
Seed 0: Test CE 0.223341, Total 0.461484, Acc 99.78%, Margin[min/avg] -0.2003/2.9887, DE[test/train/total] 6.947e+03/6.977e+03
Epoch 64/500

--- Test Evaluation at Epoch 64 ---
Seed 0: Train Loss: 0.246135, Train Accuracy: 100.00%
Seed 0: Test CE 0.179756, Total 0.411787, Acc 100.00%, Margin[min/avg] 0.0584/3.2436, DE[test/train/total] 7.174e+03/7.186e+03
*** Seed 0 first reached 100% accuracy at epoch 64 with total loss 0.411787 and CE-only loss 0.179756 ***
Epoch 65/500

--- Test Evaluation at Epoch 65 ---
Epoch 66/500

--- Test Evaluation at Epoch 66 ---
Epoch 67/500

--- Test Evaluation at Epoch 67 ---
Epoch 68/500

--- Test Evaluation at Epoch 68 ---
Epoch 69/500

--- Test Evaluation at Epoch 69 ---
Epoch 70/500

--- Test Evaluation at Epoch 70 ---
Epoch 71/500

--- Test Evaluation at Epoch 71 ---
Epoch 72/500

--- Test Evaluation at Epoch 72 ---
Epoch 73/500

--- Test Evaluation at Epoch 73 ---
Epoch 74/500

--- Test Evaluation at Epoch 74 ---
Epoch 75/500

--- Test Evaluation at Epoch 75 ---
Epoch 76/500

--- Test Evaluation at Epoch 76 ---
Epoch 77/500

--- Test Evaluation at Epoch 77 ---
Epoch 78/500

--- Test Evaluation at Epoch 78 ---
Epoch 79/500

--- Test Evaluation at Epoch 79 ---
Epoch 80/500

--- Test Evaluation at Epoch 80 ---
Epoch 81/500

--- Test Evaluation at Epoch 81 ---
Epoch 82/500

--- Test Evaluation at Epoch 82 ---
Epoch 83/500

--- Test Evaluation at Epoch 83 ---
Epoch 84/500

--- Test Evaluation at Epoch 84 ---
Epoch 85/500

--- Test Evaluation at Epoch 85 ---
Epoch 86/500

--- Test Evaluation at Epoch 86 ---
Epoch 87/500

--- Test Evaluation at Epoch 87 ---
Epoch 88/500

--- Test Evaluation at Epoch 88 ---
Epoch 89/500

--- Test Evaluation at Epoch 89 ---
Epoch 90/500

--- Test Evaluation at Epoch 90 ---
Epoch 91/500

--- Test Evaluation at Epoch 91 ---
Epoch 92/500

--- Test Evaluation at Epoch 92 ---
Epoch 93/500

--- Test Evaluation at Epoch 93 ---
Epoch 94/500

--- Test Evaluation at Epoch 94 ---
Epoch 95/500

--- Test Evaluation at Epoch 95 ---
Epoch 96/500

--- Test Evaluation at Epoch 96 ---
Epoch 97/500

--- Test Evaluation at Epoch 97 ---
Epoch 98/500

--- Test Evaluation at Epoch 98 ---
Epoch 99/500

--- Test Evaluation at Epoch 99 ---
Epoch 100/500

--- Test Evaluation at Epoch 100 ---
Epoch 101/500

--- Test Evaluation at Epoch 101 ---
Epoch 102/500

--- Test Evaluation at Epoch 102 ---
Epoch 103/500

--- Test Evaluation at Epoch 103 ---
Epoch 104/500

--- Test Evaluation at Epoch 104 ---
Epoch 105/500

--- Test Evaluation at Epoch 105 ---
Epoch 106/500

--- Test Evaluation at Epoch 106 ---
Epoch 107/500

--- Test Evaluation at Epoch 107 ---
Epoch 108/500

--- Test Evaluation at Epoch 108 ---
Epoch 109/500

--- Test Evaluation at Epoch 109 ---
Epoch 110/500

--- Test Evaluation at Epoch 110 ---
Epoch 111/500

--- Test Evaluation at Epoch 111 ---
Epoch 112/500

--- Test Evaluation at Epoch 112 ---
Epoch 113/500

--- Test Evaluation at Epoch 113 ---
Epoch 114/500

--- Test Evaluation at Epoch 114 ---
Epoch 115/500

--- Test Evaluation at Epoch 115 ---
Epoch 116/500

--- Test Evaluation at Epoch 116 ---
Epoch 117/500

--- Test Evaluation at Epoch 117 ---
Epoch 118/500

--- Test Evaluation at Epoch 118 ---
Epoch 119/500

--- Test Evaluation at Epoch 119 ---
Epoch 120/500

--- Test Evaluation at Epoch 120 ---
Epoch 121/500

--- Test Evaluation at Epoch 121 ---
Epoch 122/500

--- Test Evaluation at Epoch 122 ---
Epoch 123/500

--- Test Evaluation at Epoch 123 ---
Epoch 124/500

--- Test Evaluation at Epoch 124 ---
Epoch 125/500

--- Test Evaluation at Epoch 125 ---
Epoch 126/500

--- Test Evaluation at Epoch 126 ---
Epoch 127/500

--- Test Evaluation at Epoch 127 ---
Epoch 128/500

--- Test Evaluation at Epoch 128 ---
Epoch 129/500

--- Test Evaluation at Epoch 129 ---
Epoch 130/500

--- Test Evaluation at Epoch 130 ---
Epoch 131/500

--- Test Evaluation at Epoch 131 ---
Epoch 132/500

--- Test Evaluation at Epoch 132 ---
Epoch 133/500

--- Test Evaluation at Epoch 133 ---
Epoch 134/500

--- Test Evaluation at Epoch 134 ---
Epoch 135/500

--- Test Evaluation at Epoch 135 ---
Epoch 136/500

--- Test Evaluation at Epoch 136 ---
Epoch 137/500

--- Test Evaluation at Epoch 137 ---
Epoch 138/500

--- Test Evaluation at Epoch 138 ---
Epoch 139/500

--- Test Evaluation at Epoch 139 ---
Epoch 140/500

--- Test Evaluation at Epoch 140 ---
Epoch 141/500

--- Test Evaluation at Epoch 141 ---
Epoch 142/500

--- Test Evaluation at Epoch 142 ---
Epoch 143/500

--- Test Evaluation at Epoch 143 ---
Epoch 144/500

--- Test Evaluation at Epoch 144 ---
Epoch 145/500

--- Test Evaluation at Epoch 145 ---
Epoch 146/500

--- Test Evaluation at Epoch 146 ---
Epoch 147/500

--- Test Evaluation at Epoch 147 ---
Epoch 148/500

--- Test Evaluation at Epoch 148 ---
Epoch 149/500

--- Test Evaluation at Epoch 149 ---
Epoch 150/500

--- Test Evaluation at Epoch 150 ---
Epoch 151/500

--- Test Evaluation at Epoch 151 ---
Epoch 152/500

--- Test Evaluation at Epoch 152 ---
Epoch 153/500

--- Test Evaluation at Epoch 153 ---
Epoch 154/500

--- Test Evaluation at Epoch 154 ---
Epoch 155/500

--- Test Evaluation at Epoch 155 ---
Epoch 156/500

--- Test Evaluation at Epoch 156 ---
Epoch 157/500

--- Test Evaluation at Epoch 157 ---
Epoch 158/500

--- Test Evaluation at Epoch 158 ---
Epoch 159/500

--- Test Evaluation at Epoch 159 ---
Epoch 160/500

--- Test Evaluation at Epoch 160 ---
Epoch 161/500

--- Test Evaluation at Epoch 161 ---
Epoch 162/500

--- Test Evaluation at Epoch 162 ---
Epoch 163/500

--- Test Evaluation at Epoch 163 ---
Epoch 164/500

--- Test Evaluation at Epoch 164 ---
Epoch 165/500

--- Test Evaluation at Epoch 165 ---
Epoch 166/500

--- Test Evaluation at Epoch 166 ---
Epoch 167/500

--- Test Evaluation at Epoch 167 ---
Epoch 168/500

--- Test Evaluation at Epoch 168 ---
Epoch 169/500

--- Test Evaluation at Epoch 169 ---
Epoch 170/500

--- Test Evaluation at Epoch 170 ---
Epoch 171/500

--- Test Evaluation at Epoch 171 ---
Epoch 172/500

--- Test Evaluation at Epoch 172 ---
Epoch 173/500

--- Test Evaluation at Epoch 173 ---
Epoch 174/500

--- Test Evaluation at Epoch 174 ---
Epoch 175/500

--- Test Evaluation at Epoch 175 ---
Epoch 176/500

--- Test Evaluation at Epoch 176 ---
Epoch 177/500

--- Test Evaluation at Epoch 177 ---
Epoch 178/500

--- Test Evaluation at Epoch 178 ---
Epoch 179/500

--- Test Evaluation at Epoch 179 ---
Epoch 180/500

--- Test Evaluation at Epoch 180 ---
Epoch 181/500

--- Test Evaluation at Epoch 181 ---
Epoch 182/500

--- Test Evaluation at Epoch 182 ---
Epoch 183/500

--- Test Evaluation at Epoch 183 ---
Epoch 184/500

--- Test Evaluation at Epoch 184 ---
Epoch 185/500

--- Test Evaluation at Epoch 185 ---
Epoch 186/500

--- Test Evaluation at Epoch 186 ---
Epoch 187/500

--- Test Evaluation at Epoch 187 ---
Epoch 188/500

--- Test Evaluation at Epoch 188 ---
Epoch 189/500

--- Test Evaluation at Epoch 189 ---
Epoch 190/500

--- Test Evaluation at Epoch 190 ---
Epoch 191/500

--- Test Evaluation at Epoch 191 ---
Epoch 192/500

--- Test Evaluation at Epoch 192 ---
Epoch 193/500

--- Test Evaluation at Epoch 193 ---
Epoch 194/500

--- Test Evaluation at Epoch 194 ---
Epoch 195/500

--- Test Evaluation at Epoch 195 ---
Epoch 196/500

--- Test Evaluation at Epoch 196 ---
Epoch 197/500

--- Test Evaluation at Epoch 197 ---
Epoch 198/500

--- Test Evaluation at Epoch 198 ---
Epoch 199/500

--- Test Evaluation at Epoch 199 ---
Epoch 200/500

--- Test Evaluation at Epoch 200 ---
Epoch 201/500

--- Test Evaluation at Epoch 201 ---
Epoch 202/500

--- Test Evaluation at Epoch 202 ---
Epoch 203/500

--- Test Evaluation at Epoch 203 ---
Epoch 204/500

--- Test Evaluation at Epoch 204 ---
Epoch 205/500

--- Test Evaluation at Epoch 205 ---
Epoch 206/500

--- Test Evaluation at Epoch 206 ---
Epoch 207/500

--- Test Evaluation at Epoch 207 ---
Epoch 208/500

--- Test Evaluation at Epoch 208 ---
Epoch 209/500

--- Test Evaluation at Epoch 209 ---
Epoch 210/500

--- Test Evaluation at Epoch 210 ---
Epoch 211/500

--- Test Evaluation at Epoch 211 ---
Epoch 212/500

--- Test Evaluation at Epoch 212 ---
Epoch 213/500

--- Test Evaluation at Epoch 213 ---
Epoch 214/500

--- Test Evaluation at Epoch 214 ---
Epoch 215/500

--- Test Evaluation at Epoch 215 ---
Epoch 216/500

--- Test Evaluation at Epoch 216 ---
Epoch 217/500

--- Test Evaluation at Epoch 217 ---
Epoch 218/500

--- Test Evaluation at Epoch 218 ---
Epoch 219/500

--- Test Evaluation at Epoch 219 ---
Epoch 220/500

--- Test Evaluation at Epoch 220 ---
Epoch 221/500

--- Test Evaluation at Epoch 221 ---
Epoch 222/500

--- Test Evaluation at Epoch 222 ---
Epoch 223/500

--- Test Evaluation at Epoch 223 ---
Epoch 224/500

--- Test Evaluation at Epoch 224 ---
Epoch 225/500

--- Test Evaluation at Epoch 225 ---
Epoch 226/500

--- Test Evaluation at Epoch 226 ---
Epoch 227/500

--- Test Evaluation at Epoch 227 ---
Epoch 228/500

--- Test Evaluation at Epoch 228 ---
Epoch 229/500

--- Test Evaluation at Epoch 229 ---
Epoch 230/500

--- Test Evaluation at Epoch 230 ---
Epoch 231/500

--- Test Evaluation at Epoch 231 ---
Epoch 232/500

--- Test Evaluation at Epoch 232 ---
Epoch 233/500

--- Test Evaluation at Epoch 233 ---
Epoch 234/500

--- Test Evaluation at Epoch 234 ---
Epoch 235/500

--- Test Evaluation at Epoch 235 ---
Epoch 236/500

--- Test Evaluation at Epoch 236 ---
Epoch 237/500

--- Test Evaluation at Epoch 237 ---
Epoch 238/500

--- Test Evaluation at Epoch 238 ---
Epoch 239/500

--- Test Evaluation at Epoch 239 ---
Epoch 240/500

--- Test Evaluation at Epoch 240 ---
Epoch 241/500

--- Test Evaluation at Epoch 241 ---
Epoch 242/500

--- Test Evaluation at Epoch 242 ---
Epoch 243/500

--- Test Evaluation at Epoch 243 ---
Epoch 244/500

--- Test Evaluation at Epoch 244 ---
Epoch 245/500

--- Test Evaluation at Epoch 245 ---
Epoch 246/500

--- Test Evaluation at Epoch 246 ---
Epoch 247/500

--- Test Evaluation at Epoch 247 ---
Epoch 248/500

--- Test Evaluation at Epoch 248 ---
Epoch 249/500

--- Test Evaluation at Epoch 249 ---
Epoch 250/500

--- Test Evaluation at Epoch 250 ---
Epoch 251/500

--- Test Evaluation at Epoch 251 ---
Epoch 252/500

--- Test Evaluation at Epoch 252 ---
Epoch 253/500

--- Test Evaluation at Epoch 253 ---
Epoch 254/500

--- Test Evaluation at Epoch 254 ---
Epoch 255/500

--- Test Evaluation at Epoch 255 ---
Epoch 256/500

--- Test Evaluation at Epoch 256 ---
Epoch 257/500

--- Test Evaluation at Epoch 257 ---
Epoch 258/500

--- Test Evaluation at Epoch 258 ---
Epoch 259/500

--- Test Evaluation at Epoch 259 ---
Epoch 260/500

--- Test Evaluation at Epoch 260 ---
Epoch 261/500

--- Test Evaluation at Epoch 261 ---
Epoch 262/500

--- Test Evaluation at Epoch 262 ---
Epoch 263/500

--- Test Evaluation at Epoch 263 ---
Epoch 264/500

--- Test Evaluation at Epoch 264 ---
Epoch 265/500

--- Test Evaluation at Epoch 265 ---
Epoch 266/500

--- Test Evaluation at Epoch 266 ---
Epoch 267/500

--- Test Evaluation at Epoch 267 ---
Epoch 268/500

--- Test Evaluation at Epoch 268 ---
Epoch 269/500

--- Test Evaluation at Epoch 269 ---
Epoch 270/500

--- Test Evaluation at Epoch 270 ---
Epoch 271/500

--- Test Evaluation at Epoch 271 ---
Epoch 272/500

--- Test Evaluation at Epoch 272 ---
Epoch 273/500

--- Test Evaluation at Epoch 273 ---
Epoch 274/500

--- Test Evaluation at Epoch 274 ---
Epoch 275/500

--- Test Evaluation at Epoch 275 ---
Epoch 276/500

--- Test Evaluation at Epoch 276 ---
Epoch 277/500

--- Test Evaluation at Epoch 277 ---
Epoch 278/500

--- Test Evaluation at Epoch 278 ---
Epoch 279/500

--- Test Evaluation at Epoch 279 ---
Epoch 280/500

--- Test Evaluation at Epoch 280 ---
Epoch 281/500

--- Test Evaluation at Epoch 281 ---
Epoch 282/500

--- Test Evaluation at Epoch 282 ---
Epoch 283/500

--- Test Evaluation at Epoch 283 ---
Epoch 284/500

--- Test Evaluation at Epoch 284 ---
Epoch 285/500

--- Test Evaluation at Epoch 285 ---
Epoch 286/500

--- Test Evaluation at Epoch 286 ---
Epoch 287/500

--- Test Evaluation at Epoch 287 ---
Epoch 288/500

--- Test Evaluation at Epoch 288 ---
Epoch 289/500

--- Test Evaluation at Epoch 289 ---
Epoch 290/500

--- Test Evaluation at Epoch 290 ---
Epoch 291/500

--- Test Evaluation at Epoch 291 ---
Epoch 292/500

--- Test Evaluation at Epoch 292 ---
Epoch 293/500

--- Test Evaluation at Epoch 293 ---
Epoch 294/500

--- Test Evaluation at Epoch 294 ---
Epoch 295/500

--- Test Evaluation at Epoch 295 ---
Epoch 296/500

--- Test Evaluation at Epoch 296 ---
Epoch 297/500

--- Test Evaluation at Epoch 297 ---
Epoch 298/500

--- Test Evaluation at Epoch 298 ---
Epoch 299/500

--- Test Evaluation at Epoch 299 ---
Epoch 300/500

--- Test Evaluation at Epoch 300 ---
Epoch 301/500

--- Test Evaluation at Epoch 301 ---
Epoch 302/500

--- Test Evaluation at Epoch 302 ---
Epoch 303/500

--- Test Evaluation at Epoch 303 ---
Epoch 304/500

--- Test Evaluation at Epoch 304 ---
Epoch 305/500

--- Test Evaluation at Epoch 305 ---
Epoch 306/500

--- Test Evaluation at Epoch 306 ---
Epoch 307/500

--- Test Evaluation at Epoch 307 ---
Epoch 308/500

--- Test Evaluation at Epoch 308 ---
Epoch 309/500

--- Test Evaluation at Epoch 309 ---
Epoch 310/500

--- Test Evaluation at Epoch 310 ---
Epoch 311/500

--- Test Evaluation at Epoch 311 ---
Epoch 312/500

--- Test Evaluation at Epoch 312 ---
Epoch 313/500

--- Test Evaluation at Epoch 313 ---
Epoch 314/500

--- Test Evaluation at Epoch 314 ---
Epoch 315/500

--- Test Evaluation at Epoch 315 ---
Epoch 316/500

--- Test Evaluation at Epoch 316 ---
Epoch 317/500

--- Test Evaluation at Epoch 317 ---
Epoch 318/500

--- Test Evaluation at Epoch 318 ---
Epoch 319/500

--- Test Evaluation at Epoch 319 ---
Epoch 320/500

--- Test Evaluation at Epoch 320 ---
Epoch 321/500

--- Test Evaluation at Epoch 321 ---
Epoch 322/500

--- Test Evaluation at Epoch 322 ---
Epoch 323/500

--- Test Evaluation at Epoch 323 ---
Epoch 324/500

--- Test Evaluation at Epoch 324 ---
Epoch 325/500

--- Test Evaluation at Epoch 325 ---
Epoch 326/500

--- Test Evaluation at Epoch 326 ---
Epoch 327/500

--- Test Evaluation at Epoch 327 ---
Epoch 328/500

--- Test Evaluation at Epoch 328 ---
Epoch 329/500

--- Test Evaluation at Epoch 329 ---
Epoch 330/500

--- Test Evaluation at Epoch 330 ---
Epoch 331/500

--- Test Evaluation at Epoch 331 ---
Epoch 332/500

--- Test Evaluation at Epoch 332 ---
Epoch 333/500

--- Test Evaluation at Epoch 333 ---
Epoch 334/500

--- Test Evaluation at Epoch 334 ---
Epoch 335/500

--- Test Evaluation at Epoch 335 ---
Epoch 336/500

--- Test Evaluation at Epoch 336 ---
Epoch 337/500

--- Test Evaluation at Epoch 337 ---
Epoch 338/500

--- Test Evaluation at Epoch 338 ---
Epoch 339/500

--- Test Evaluation at Epoch 339 ---
Epoch 340/500

--- Test Evaluation at Epoch 340 ---
Epoch 341/500

--- Test Evaluation at Epoch 341 ---
Epoch 342/500

--- Test Evaluation at Epoch 342 ---
Epoch 343/500

--- Test Evaluation at Epoch 343 ---
Epoch 344/500

--- Test Evaluation at Epoch 344 ---
Epoch 345/500

--- Test Evaluation at Epoch 345 ---
Epoch 346/500

--- Test Evaluation at Epoch 346 ---
Epoch 347/500

--- Test Evaluation at Epoch 347 ---
Epoch 348/500

--- Test Evaluation at Epoch 348 ---
Epoch 349/500

--- Test Evaluation at Epoch 349 ---
Epoch 350/500

--- Test Evaluation at Epoch 350 ---
Epoch 351/500

--- Test Evaluation at Epoch 351 ---
Epoch 352/500

--- Test Evaluation at Epoch 352 ---
Epoch 353/500

--- Test Evaluation at Epoch 353 ---
Epoch 354/500

--- Test Evaluation at Epoch 354 ---
Epoch 355/500

--- Test Evaluation at Epoch 355 ---
Epoch 356/500

--- Test Evaluation at Epoch 356 ---
Epoch 357/500

--- Test Evaluation at Epoch 357 ---
Epoch 358/500

--- Test Evaluation at Epoch 358 ---
Epoch 359/500

--- Test Evaluation at Epoch 359 ---
Epoch 360/500

--- Test Evaluation at Epoch 360 ---
Epoch 361/500

--- Test Evaluation at Epoch 361 ---
Epoch 362/500

--- Test Evaluation at Epoch 362 ---
Epoch 363/500

--- Test Evaluation at Epoch 363 ---
Epoch 364/500

--- Test Evaluation at Epoch 364 ---
Epoch 365/500

--- Test Evaluation at Epoch 365 ---
Epoch 366/500

--- Test Evaluation at Epoch 366 ---
Epoch 367/500

--- Test Evaluation at Epoch 367 ---
Epoch 368/500

--- Test Evaluation at Epoch 368 ---
Epoch 369/500

--- Test Evaluation at Epoch 369 ---
Epoch 370/500

--- Test Evaluation at Epoch 370 ---
Epoch 371/500

--- Test Evaluation at Epoch 371 ---
Epoch 372/500

--- Test Evaluation at Epoch 372 ---
Epoch 373/500

--- Test Evaluation at Epoch 373 ---
Epoch 374/500

--- Test Evaluation at Epoch 374 ---
Epoch 375/500

--- Test Evaluation at Epoch 375 ---
Epoch 376/500

--- Test Evaluation at Epoch 376 ---
Epoch 377/500

--- Test Evaluation at Epoch 377 ---
Epoch 378/500

--- Test Evaluation at Epoch 378 ---
Epoch 379/500

--- Test Evaluation at Epoch 379 ---
Epoch 380/500

--- Test Evaluation at Epoch 380 ---
Epoch 381/500

--- Test Evaluation at Epoch 381 ---
Epoch 382/500

--- Test Evaluation at Epoch 382 ---
Epoch 383/500

--- Test Evaluation at Epoch 383 ---
Epoch 384/500

--- Test Evaluation at Epoch 384 ---
Epoch 385/500

--- Test Evaluation at Epoch 385 ---
Epoch 386/500

--- Test Evaluation at Epoch 386 ---
Epoch 387/500

--- Test Evaluation at Epoch 387 ---
Epoch 388/500

--- Test Evaluation at Epoch 388 ---
Epoch 389/500

--- Test Evaluation at Epoch 389 ---
Epoch 390/500

--- Test Evaluation at Epoch 390 ---
Epoch 391/500

--- Test Evaluation at Epoch 391 ---
Epoch 392/500

--- Test Evaluation at Epoch 392 ---
Epoch 393/500

--- Test Evaluation at Epoch 393 ---
Epoch 394/500

--- Test Evaluation at Epoch 394 ---
Epoch 395/500

--- Test Evaluation at Epoch 395 ---
Epoch 396/500

--- Test Evaluation at Epoch 396 ---
Epoch 397/500

--- Test Evaluation at Epoch 397 ---
Epoch 398/500

--- Test Evaluation at Epoch 398 ---
Epoch 399/500

--- Test Evaluation at Epoch 399 ---
Epoch 400/500

--- Test Evaluation at Epoch 400 ---
Epoch 401/500

--- Test Evaluation at Epoch 401 ---
Epoch 402/500

--- Test Evaluation at Epoch 402 ---
Epoch 403/500

--- Test Evaluation at Epoch 403 ---
Epoch 404/500

--- Test Evaluation at Epoch 404 ---
Epoch 405/500

--- Test Evaluation at Epoch 405 ---
Epoch 406/500

--- Test Evaluation at Epoch 406 ---
Epoch 407/500

--- Test Evaluation at Epoch 407 ---
Epoch 408/500

--- Test Evaluation at Epoch 408 ---
Epoch 409/500

--- Test Evaluation at Epoch 409 ---
Epoch 410/500

--- Test Evaluation at Epoch 410 ---
Epoch 411/500

--- Test Evaluation at Epoch 411 ---
Epoch 412/500

--- Test Evaluation at Epoch 412 ---
Epoch 413/500

--- Test Evaluation at Epoch 413 ---
Epoch 414/500

--- Test Evaluation at Epoch 414 ---
Epoch 415/500

--- Test Evaluation at Epoch 415 ---
Epoch 416/500

--- Test Evaluation at Epoch 416 ---
Epoch 417/500

--- Test Evaluation at Epoch 417 ---
Epoch 418/500

--- Test Evaluation at Epoch 418 ---
Epoch 419/500

--- Test Evaluation at Epoch 419 ---
Epoch 420/500

--- Test Evaluation at Epoch 420 ---
Epoch 421/500

--- Test Evaluation at Epoch 421 ---
Epoch 422/500

--- Test Evaluation at Epoch 422 ---
Epoch 423/500

--- Test Evaluation at Epoch 423 ---
Epoch 424/500

--- Test Evaluation at Epoch 424 ---
Epoch 425/500

--- Test Evaluation at Epoch 425 ---
Epoch 426/500

--- Test Evaluation at Epoch 426 ---
Epoch 427/500

--- Test Evaluation at Epoch 427 ---
Epoch 428/500

--- Test Evaluation at Epoch 428 ---
Epoch 429/500

--- Test Evaluation at Epoch 429 ---
Epoch 430/500

--- Test Evaluation at Epoch 430 ---
Epoch 431/500

--- Test Evaluation at Epoch 431 ---
Epoch 432/500

--- Test Evaluation at Epoch 432 ---
Epoch 433/500

--- Test Evaluation at Epoch 433 ---
Epoch 434/500

--- Test Evaluation at Epoch 434 ---
Epoch 435/500

--- Test Evaluation at Epoch 435 ---
Epoch 436/500

--- Test Evaluation at Epoch 436 ---
Epoch 437/500

--- Test Evaluation at Epoch 437 ---
Epoch 438/500

--- Test Evaluation at Epoch 438 ---
Epoch 439/500

--- Test Evaluation at Epoch 439 ---
Epoch 440/500

--- Test Evaluation at Epoch 440 ---
Epoch 441/500

--- Test Evaluation at Epoch 441 ---
Epoch 442/500

--- Test Evaluation at Epoch 442 ---
Epoch 443/500

--- Test Evaluation at Epoch 443 ---
Epoch 444/500

--- Test Evaluation at Epoch 444 ---
Epoch 445/500

--- Test Evaluation at Epoch 445 ---
Epoch 446/500

--- Test Evaluation at Epoch 446 ---
Epoch 447/500

--- Test Evaluation at Epoch 447 ---
Epoch 448/500

--- Test Evaluation at Epoch 448 ---
Epoch 449/500

--- Test Evaluation at Epoch 449 ---
Epoch 450/500

--- Test Evaluation at Epoch 450 ---
Epoch 451/500

--- Test Evaluation at Epoch 451 ---
Epoch 452/500

--- Test Evaluation at Epoch 452 ---
Epoch 453/500

--- Test Evaluation at Epoch 453 ---
Epoch 454/500

--- Test Evaluation at Epoch 454 ---
Epoch 455/500

--- Test Evaluation at Epoch 455 ---
Epoch 456/500

--- Test Evaluation at Epoch 456 ---
Epoch 457/500

--- Test Evaluation at Epoch 457 ---
Epoch 458/500

--- Test Evaluation at Epoch 458 ---
Epoch 459/500

--- Test Evaluation at Epoch 459 ---
Epoch 460/500

--- Test Evaluation at Epoch 460 ---
Epoch 461/500

--- Test Evaluation at Epoch 461 ---
Epoch 462/500

--- Test Evaluation at Epoch 462 ---
Epoch 463/500

--- Test Evaluation at Epoch 463 ---
Epoch 464/500

--- Test Evaluation at Epoch 464 ---
Epoch 465/500

--- Test Evaluation at Epoch 465 ---
Epoch 466/500

--- Test Evaluation at Epoch 466 ---
Epoch 467/500

--- Test Evaluation at Epoch 467 ---
Epoch 468/500

--- Test Evaluation at Epoch 468 ---
Epoch 469/500

--- Test Evaluation at Epoch 469 ---
Epoch 470/500

--- Test Evaluation at Epoch 470 ---
Epoch 471/500

--- Test Evaluation at Epoch 471 ---
Epoch 472/500

--- Test Evaluation at Epoch 472 ---
Epoch 473/500

--- Test Evaluation at Epoch 473 ---
Epoch 474/500

--- Test Evaluation at Epoch 474 ---
Epoch 475/500

--- Test Evaluation at Epoch 475 ---
Epoch 476/500

--- Test Evaluation at Epoch 476 ---
Epoch 477/500

--- Test Evaluation at Epoch 477 ---
Epoch 478/500

--- Test Evaluation at Epoch 478 ---
Epoch 479/500

--- Test Evaluation at Epoch 479 ---
Epoch 480/500

--- Test Evaluation at Epoch 480 ---
Epoch 481/500

--- Test Evaluation at Epoch 481 ---
Epoch 482/500

--- Test Evaluation at Epoch 482 ---
Epoch 483/500

--- Test Evaluation at Epoch 483 ---
Epoch 484/500

--- Test Evaluation at Epoch 484 ---
Epoch 485/500

--- Test Evaluation at Epoch 485 ---
Epoch 486/500

--- Test Evaluation at Epoch 486 ---
Epoch 487/500

--- Test Evaluation at Epoch 487 ---
Epoch 488/500

--- Test Evaluation at Epoch 488 ---
Epoch 489/500

--- Test Evaluation at Epoch 489 ---
Epoch 490/500

--- Test Evaluation at Epoch 490 ---
Epoch 491/500

--- Test Evaluation at Epoch 491 ---
Epoch 492/500

--- Test Evaluation at Epoch 492 ---
Epoch 493/500

--- Test Evaluation at Epoch 493 ---
Epoch 494/500

--- Test Evaluation at Epoch 494 ---
Epoch 495/500

--- Test Evaluation at Epoch 495 ---
Epoch 496/500

--- Test Evaluation at Epoch 496 ---
Epoch 497/500

--- Test Evaluation at Epoch 497 ---
Epoch 498/500

--- Test Evaluation at Epoch 498 ---
Epoch 499/500

--- Test Evaluation at Epoch 499 ---
Epoch 500/500

--- Test Evaluation at Epoch 500 ---
Seed 0: Train Loss: 0.100311, Train Accuracy: 100.00%
Seed 0: Test CE 0.006347, Total 0.100493, Acc 100.00%, Margin[min/avg] 5.5868/6.9711, DE[test/train/total] 1.303e+04/1.301e+04
Final log for seed 0 saved to /home/mila/w/weis/scratch/DL/MLP_dihedral/test/qualitative_32_two_embed_2_512_features_128_k_57/32_models_embed_128/p=32_bs=64_nn=512_lr_0.001_wd=0.0001_epochs=500_training_set_size=3648/log_features_128_seed_0.json
[Seed 0] Final Test: loss=0.100493 acc=100.00% l2=941.461792
Checking triv...
Checking sign...
Checking rp...
Checking srp...
Checking 2D_1...
Checking 2D_2...
Checking 2D_3...
Checking 2D_4...
Checking 2D_5...
Checking 2D_6...
Checking 2D_7...
Checking 2D_8...
Checking 2D_9...
Checking 2D_10...
Checking 2D_11...
Checking 2D_12...
Checking 2D_13...
Checking 2D_14...
Checking 2D_15...

=== Post-training analysis for seed 0 ===

======== GPU REPORT ========

==============NVSMI LOG==============

Timestamp                                 : Fri Sep 12 22:06:38 2025
Driver Version                            : 580.82.07
CUDA Version                              : 13.0

Attached GPUs                             : 1
GPU 00000000:C3:00.0
    Accounting Mode                       : Enabled
    Accounting Mode Buffer Size           : 4000
    Accounted Processes
        Process ID                        : 1166529
            GPU Utilization               : 4 %
            Memory Utilization            : 0 %
            Max memory usage              : 34204 MiB
            Time                          : 614635 ms
            Is Running                    : 0

Fri Sep 12 22:06:38 2025       
+-----------------------------------------------------------------------------------------+
| NVIDIA-SMI 580.82.07              Driver Version: 580.82.07      CUDA Version: 13.0     |
+-----------------------------------------+------------------------+----------------------+
| GPU  Name                 Persistence-M | Bus-Id          Disp.A | Volatile Uncorr. ECC |
| Fan  Temp   Perf          Pwr:Usage/Cap |           Memory-Usage | GPU-Util  Compute M. |
|                                         |                        |               MIG M. |
|=========================================+========================+======================|
|   0  Quadro RTX 8000                On  |   00000000:C3:00.0 Off |                    0 |
| 33%   40C    P2            116W /  260W |       1MiB /  46080MiB |      0%      Default |
|                                         |                        |                  N/A |
+-----------------------------------------+------------------------+----------------------+

+-----------------------------------------------------------------------------------------+
| Processes:                                                                              |
|  GPU   GI   CI              PID   Type   Process name                        GPU Memory |
|        ID   ID                                                               Usage      |
|=========================================================================================|
|  No running processes found                                                             |
+-----------------------------------------------------------------------------------------+
